Comparing task1\task1_results_ours.txt and task1\task1_results_evidenceminer.txt

Query:  Range of incubation periods across age and health status
Kendall tau distance: 20

Query:  Asymptomatic shedding and transmission in children
Kendall tau distance: 25

Query:  Seasonality of transmission
Kendall tau distance: 17

Query:  Natural history and shedding of it from an infected person
Kendall tau distance: 25

Query:  Implementation of diagnostics and products to improve clinical processes
Kendall tau distance: 25

Query:  Disease models for infection, disease and transmission
Kendall tau distance: 19

Query:  Animal models for infection, disease and transmission
Kendall tau distance: 25

Query:  Tools and studies to monitor phenotypic change and potential adaptation
Kendall tau distance: 25

Query:  Immune response and immunity
Kendall tau distance: 25

Query:  Effectiveness of movement control strategies to prevent secondary transmission in health care and community settings
Kendall tau distance: 25

Query:  Effectiveness of personal protective equipment (PPE) and its usefulness to reduce risk of transmission in health care and community settings
Kendall tau distance: 25

Query:  Role of the environment in transmission
Kendall tau distance: 25

