Comparing task1\task1_results_cordresearchengine.txt and task1\task1_results_evidenceminer.txt

Query:  Range of incubation periods across age and health status
cordresearchengine   evidenceminer
jknfhd7d       cd78n2rm
v24wsn04       1769ovyk
h89scli5       pckii4vh
na42a0tr       iac9fak3
it4ka7v0       tloaa3v1
No intersection of results

Query:  Asymptomatic shedding and transmission in children
cordresearchengine   evidenceminer
1z702pxb       yb54i1ne
1qgaxcqq       7e188tbq
y8nfhnax       5m895fhj
l3y2x5d0       1ckykkob
74xl0a8o       9zt7bp7e
No intersection of results

Query:  Seasonality of transmission
cordresearchengine   evidenceminer
bh9yfmie       bh9yfmie
e666nvl3       9khx93c0
t7c0drft       kxbhlcce
vfagxsdz       kzhj0efp
zg17f7bd       k032ikww
Intersection of result sets:  {'bh9yfmie'}
Doc bh9yfmie has rank 1 in both results

Query:  Natural history and shedding of it from an infected person
cordresearchengine   evidenceminer
e0b8gnh8       krclgmc4
ymsl7snv       3eepsy3v
414grqif       ymsl7snv
sepx3plb       k95wrory
vxjyjql6       6yu02snn
Intersection of result sets:  {'ymsl7snv'}

Query:  Implementation of diagnostics and products to improve clinical processes
cordresearchengine   evidenceminer
urs5z4l1       55r01n0x
mcyeyl4s       65drhnk8
trcisop6       izsmxy00
js2ppypr       cj4qd3yw
6g1y3eyy       s1oqkqef
No intersection of results

Query:  Disease models for infection, disease and transmission
cordresearchengine   evidenceminer
3r0kzn4y       mbn0rdv3
zf9bwk1y       de0y745b
sis4fjh5       9xnjb7qv
mbn0rdv3       1rzcrkmt
fiz00uj3       d378ighp
Intersection of result sets:  {'mbn0rdv3'}

Query:  Animal models for infection, disease and transmission
cordresearchengine   evidenceminer
2fpfvqdn       d378ighp
3r0kzn4y       9e9523i8
zy8qjaai       ldwx1wyc
28vx9w58       yqs0wjfz
9onbvv9n       1m9y2qiu
No intersection of results

Query:  Tools and studies to monitor phenotypic change and potential adaptation
cordresearchengine   evidenceminer
hstm3xn7       3gq1eb7n
8djm8mi6       44ychud2
skxl62ik       fnvwcebr
20zr7mtt       1ecqnstz
8v907g24       120uu4dh
No intersection of results

Query:  Immune response and immunity
cordresearchengine   evidenceminer
o56bmedx       z9780v62
jfe8neec       0lsobcnl
2meqe1vy       mggsospc
zpwqunl5       8pptsdrs
80baxwgc       nh34lgdh
No intersection of results

Query:  Effectiveness of movement control strategies to prevent secondary transmission in health care and community settings
cordresearchengine   evidenceminer
qqsefagq       vg2baps5
7skgb6eu       7skgb6eu
iuu8vmwy       7qd03xfi
dq0xu85c       yvc4432j
mfiaubqb       nhg4jesr
Intersection of result sets:  {'7skgb6eu'}
Doc 7skgb6eu has rank 2 in both results

Query:  Effectiveness of personal protective equipment (PPE) and its usefulness to reduce risk of transmission in health care and community settings
cordresearchengine   evidenceminer
eeqw9i42       atmkmxid
eeycjjmn       mpk7tgjx
y18nru1d       x0im3m7v
ou7n57vc       zehnqsp7
0t28p4g6       j9jtrnze
No intersection of results

Query:  Role of the environment in transmission
cordresearchengine   evidenceminer
6tk21bli       b78pccz5
32midm3e       7a55odok
8qtintwl       t2pgb4l9
x3b6j5d0       46yeaavx
n7mhwjiw       uuv6nnei
No intersection of results

