Comparing task1\task1_results_ours_k2.txt and task1\task1_results_cordresearchengine.txt

Query:  Range of incubation periods across age and health status
ours_k2   cordresearchengine
qcdlcxyb       jknfhd7d
it4ka7v0       v24wsn04
pckii4vh       h89scli5
8anqfkmo       na42a0tr
66ulqu11       it4ka7v0
Intersection of result sets:  {'it4ka7v0'}

Query:  Asymptomatic shedding and transmission in children
ours_k2   cordresearchengine
1z702pxb       1z702pxb
0cu3syiw       1qgaxcqq
zv0rrvo0       y8nfhnax
74xl0a8o       l3y2x5d0
8homqmux       74xl0a8o
Intersection of result sets:  {'74xl0a8o', '1z702pxb'}
Doc 1z702pxb has rank 1 in both results

Query:  Seasonality of transmission
ours_k2   cordresearchengine
82plcxv9       bh9yfmie
bh9yfmie       e666nvl3
t7c0drft       t7c0drft
03h85lvy       vfagxsdz
1wkbjtji       zg17f7bd
Intersection of result sets:  {'t7c0drft', 'bh9yfmie'}
Doc t7c0drft has rank 3 in both results

Query:  Natural history and shedding of it from an infected person
ours_k2   cordresearchengine
e0b8gnh8       e0b8gnh8
414grqif       ymsl7snv
x46nvimq       414grqif
jy63p793       sepx3plb
k69h9cc5       vxjyjql6
Intersection of result sets:  {'e0b8gnh8', '414grqif'}
Doc e0b8gnh8 has rank 1 in both results

Query:  Implementation of diagnostics and products to improve clinical processes
ours_k2   cordresearchengine
urs5z4l1       urs5z4l1
mcyeyl4s       mcyeyl4s
js2ppypr       trcisop6
xiv9vxdp       js2ppypr
mgz7w9y4       6g1y3eyy
Intersection of result sets:  {'mcyeyl4s', 'js2ppypr', 'urs5z4l1'}
Doc urs5z4l1 has rank 1 in both results
Doc mcyeyl4s has rank 2 in both results

Query:  Disease models for infection, disease and transmission
ours_k2   cordresearchengine
yqs0wjfz       3r0kzn4y
azqjvxtu       zf9bwk1y
h51zr96k       sis4fjh5
d5t7wg4y       mbn0rdv3
mbn0rdv3       fiz00uj3
Intersection of result sets:  {'mbn0rdv3'}

Query:  Animal models for infection, disease and transmission
ours_k2   cordresearchengine
7hw23xae       2fpfvqdn
3r0kzn4y       3r0kzn4y
2ewz8ok4       zy8qjaai
urwpow4n       28vx9w58
7kfi2yvu       9onbvv9n
Intersection of result sets:  {'3r0kzn4y'}
Doc 3r0kzn4y has rank 2 in both results

Query:  Tools and studies to monitor phenotypic change and potential adaptation
ours_k2   cordresearchengine
ngo0fyew       hstm3xn7
20zr7mtt       8djm8mi6
2hbxvvpw       skxl62ik
c31kira9       20zr7mtt
3f6a3s6h       8v907g24
Intersection of result sets:  {'20zr7mtt'}

Query:  Immune response and immunity
ours_k2   cordresearchengine
hjjzqboe       o56bmedx
sg77zqs7       jfe8neec
31iws3lh       2meqe1vy
jfe8neec       zpwqunl5
0vpwolaf       80baxwgc
Intersection of result sets:  {'jfe8neec'}

Query:  Effectiveness of movement control strategies to prevent secondary transmission in health care and community settings
ours_k2   cordresearchengine
mfiaubqb       qqsefagq
qqsefagq       7skgb6eu
iuu8vmwy       iuu8vmwy
qrnsmhws       dq0xu85c
eqq7k4pz       mfiaubqb
Intersection of result sets:  {'mfiaubqb', 'qqsefagq', 'iuu8vmwy'}
Doc iuu8vmwy has rank 3 in both results

Query:  Effectiveness of personal protective equipment (PPE) and its usefulness to reduce risk of transmission in health care and community settings
ours_k2   cordresearchengine
aoviner2       eeqw9i42
x0ysvtx1       eeycjjmn
8dv8n3ea       y18nru1d
ztelgtyq       ou7n57vc
aso63o3p       0t28p4g6
No intersection of results

Query:  Role of the environment in transmission
ours_k2   cordresearchengine
za7qm2on       6tk21bli
7kfi2yvu       32midm3e
x6uatd7j       8qtintwl
2ewz8ok4       x3b6j5d0
3q3sktuq       n7mhwjiw
No intersection of results

