Comparing task1\task1_results_ours_b075.txt and task1\task1_results_cordresearchengine.txt

Query:  Range of incubation periods across age and health status
ours_b075   cordresearchengine
qcdlcxyb       jknfhd7d
it4ka7v0       v24wsn04
8anqfkmo       h89scli5
pckii4vh       na42a0tr
66ulqu11       it4ka7v0
Intersection of result sets:  {'it4ka7v0'}

Query:  Asymptomatic shedding and transmission in children
ours_b075   cordresearchengine
1z702pxb       1z702pxb
0cu3syiw       1qgaxcqq
74xl0a8o       y8nfhnax
438fotfd       l3y2x5d0
0h8b051i       74xl0a8o
Intersection of result sets:  {'74xl0a8o', '1z702pxb'}
Doc 1z702pxb has rank 1 in both results

Query:  Seasonality of transmission
ours_b075   cordresearchengine
03h85lvy       bh9yfmie
t7c0drft       e666nvl3
82plcxv9       t7c0drft
bh9yfmie       vfagxsdz
1wkbjtji       zg17f7bd
Intersection of result sets:  {'bh9yfmie', 't7c0drft'}

Query:  Natural history and shedding of it from an infected person
ours_b075   cordresearchengine
414grqif       e0b8gnh8
e0b8gnh8       ymsl7snv
x46nvimq       414grqif
k69h9cc5       sepx3plb
jy63p793       vxjyjql6
Intersection of result sets:  {'414grqif', 'e0b8gnh8'}

Query:  Implementation of diagnostics and products to improve clinical processes
ours_b075   cordresearchengine
urs5z4l1       urs5z4l1
mcyeyl4s       mcyeyl4s
xiv9vxdp       trcisop6
js2ppypr       js2ppypr
vmw2ddcv       6g1y3eyy
Intersection of result sets:  {'urs5z4l1', 'mcyeyl4s', 'js2ppypr'}
Doc urs5z4l1 has rank 1 in both results
Doc mcyeyl4s has rank 2 in both results
Doc js2ppypr has rank 4 in both results

Query:  Disease models for infection, disease and transmission
ours_b075   cordresearchengine
yqs0wjfz       3r0kzn4y
1mpzjgk1       zf9bwk1y
azqjvxtu       sis4fjh5
d5t7wg4y       mbn0rdv3
g283lf8j       fiz00uj3
No intersection of results

Query:  Animal models for infection, disease and transmission
ours_b075   cordresearchengine
7hw23xae       2fpfvqdn
zkymgsvl       3r0kzn4y
f1e6hs11       zy8qjaai
7kfi2yvu       28vx9w58
2ewz8ok4       9onbvv9n
No intersection of results

Query:  Tools and studies to monitor phenotypic change and potential adaptation
ours_b075   cordresearchengine
ngo0fyew       hstm3xn7
20zr7mtt       8djm8mi6
3f6a3s6h       skxl62ik
2hbxvvpw       20zr7mtt
c31kira9       8v907g24
Intersection of result sets:  {'20zr7mtt'}

Query:  Immune response and immunity
ours_b075   cordresearchengine
hjjzqboe       o56bmedx
31iws3lh       jfe8neec
sg77zqs7       2meqe1vy
0vpwolaf       zpwqunl5
gchlbnmt       80baxwgc
No intersection of results

Query:  Effectiveness of movement control strategies to prevent secondary transmission in health care and community settings
ours_b075   cordresearchengine
mfiaubqb       qqsefagq
qqsefagq       7skgb6eu
iuu8vmwy       iuu8vmwy
qrnsmhws       dq0xu85c
eqq7k4pz       mfiaubqb
Intersection of result sets:  {'qqsefagq', 'iuu8vmwy', 'mfiaubqb'}
Doc iuu8vmwy has rank 3 in both results

Query:  Effectiveness of personal protective equipment (PPE) and its usefulness to reduce risk of transmission in health care and community settings
ours_b075   cordresearchengine
aoviner2       eeqw9i42
8dv8n3ea       eeycjjmn
x0ysvtx1       y18nru1d
ztelgtyq       ou7n57vc
aso63o3p       0t28p4g6
No intersection of results

Query:  Role of the environment in transmission
ours_b075   cordresearchengine
fbdn9iwi       6tk21bli
npu2y39j       32midm3e
az8kgl8e       8qtintwl
za7qm2on       x3b6j5d0
8paxp77a       n7mhwjiw
No intersection of results

